2012-11-16/15:51:51.883  INFO: failover.FailoverTransport - Successfully connected to tcp://localhost:61616
2012-11-16/15:51:51.931  INFO: Producer - Send message This is a fake body message 1353109911921
2012-11-16/15:51:56.932  INFO: Producer - Send message This is a fake body message 1353109916931
2012-11-16/15:52:01.933  INFO: Producer - Send message This is a fake body message 1353109921933
2012-11-16/15:52:06.935  INFO: Producer - Send message This is a fake body message 1353109926934
2012-11-16/15:52:11.936  INFO: Producer - Send message This is a fake body message 1353109931935
2012-11-16/15:54:55.175  INFO: failover.FailoverTransport - Successfully connected to tcp://localhost:61616
2012-11-16/15:54:55.225  INFO: Producer - Send message This is a fake body message 1353110095213
2012-11-16/15:55:00.225  INFO: Producer - Send message This is a fake body message 1353110100225
2012-11-16/15:55:05.226  INFO: Producer - Send message This is a fake body message 1353110105226
2012-11-16/15:55:10.227  INFO: Producer - Send message This is a fake body message 1353110110226
2012-11-16/15:55:15.228  INFO: Producer - Send message This is a fake body message 1353110115227
2012-11-16/15:55:19.825  INFO: failover.FailoverTransport - Successfully connected to tcp://localhost:61616
2012-11-16/15:55:19.872  INFO: Producer - Send message This is a fake body message 1353110119862
2012-11-16/15:55:20.228  INFO: Producer - Send message This is a fake body message 1353110120228
2012-11-16/15:55:24.873  INFO: Producer - Send message This is a fake body message 1353110124872
2012-11-16/15:55:29.874  INFO: Producer - Send message This is a fake body message 1353110129873
2012-11-16/15:55:34.874  INFO: Producer - Send message This is a fake body message 1353110134874
2012-11-16/15:55:39.875  INFO: Producer - Send message This is a fake body message 1353110139874
2012-11-16/15:58:05.437  INFO: failover.FailoverTransport - Successfully connected to tcp://localhost:61616
2012-11-16/15:58:05.496  INFO: Producer - Send message This is a fake body message 1353110285483
2012-11-16/15:58:10.497  INFO: Producer - Send message This is a fake body message 1353110290496
2012-11-16/15:58:15.497  INFO: Producer - Send message This is a fake body message 1353110295496
2012-11-16/15:58:20.498  INFO: Producer - Send message This is a fake body message 1353110300498
2012-11-16/15:58:25.499  INFO: Producer - Send message This is a fake body message 1353110305499
2012-11-16/15:58:30.500  INFO: Producer - Send message This is a fake body message 1353110310499
2012-11-16/15:58:35.501  INFO: Producer - Send message This is a fake body message 1353110315500
2012-11-16/16:09:38.403  INFO: Consumer - creating topic listener
2012-11-16/16:09:38.644  INFO: failover.FailoverTransport - Successfully connected to tcp://localhost:61616
2012-11-16/16:09:56.047  INFO: failover.FailoverTransport - Successfully connected to tcp://localhost:61616
2012-11-16/16:09:56.094  INFO: Producer - Send message This is a fake body message 1353110996083
2012-11-16/16:09:56.119  INFO: Consumer - received message ActiveMQTextMessage {commandId = 5, responseRequired = false, messageId = ID:mbp-3209.local-50123-1353110995880-0:0:1:1:1, originalDestination = null, originalTransactionId = null, producerId = ID:mbp-3209.local-50123-1353110995880-0:0:1:1, destination = topic://topic_test_damiano, transactionId = null, expiration = 1353110997091, timestamp = 1353110996091, arrival = 0, brokerInTime = 1353110996094, brokerOutTime = 1353110996096, correlationId = null, replyTo = null, persistent = false, type = null, priority = 4, groupID = null, groupSequence = 0, targetConsumerId = null, compressed = false, userID = null, content = null, marshalledProperties = null, dataStructure = null, redeliveryCounter = 0, size = 0, properties = null, readOnlyProperties = true, readOnlyBody = true, droppable = false, text = This is a fake body message 1353110996083}
2012-11-16/16:09:56.119  INFO: Consumer - text: This is a fake body message 1353110996083
2012-11-16/16:10:01.095  INFO: Producer - Send message This is a fake body message 1353111001094
2012-11-16/16:10:01.096  INFO: Consumer - received message ActiveMQTextMessage {commandId = 6, responseRequired = false, messageId = ID:mbp-3209.local-50123-1353110995880-0:0:1:1:2, originalDestination = null, originalTransactionId = null, producerId = ID:mbp-3209.local-50123-1353110995880-0:0:1:1, destination = topic://topic_test_damiano, transactionId = null, expiration = 1353111002094, timestamp = 1353111001094, arrival = 0, brokerInTime = 1353111001095, brokerOutTime = 1353111001095, correlationId = null, replyTo = null, persistent = false, type = null, priority = 4, groupID = null, groupSequence = 0, targetConsumerId = null, compressed = false, userID = null, content = null, marshalledProperties = null, dataStructure = null, redeliveryCounter = 0, size = 0, properties = null, readOnlyProperties = true, readOnlyBody = true, droppable = false, text = This is a fake body message 1353111001094}
2012-11-16/16:10:01.096  INFO: Consumer - text: This is a fake body message 1353111001094
2012-11-16/16:10:06.096  INFO: Producer - Send message This is a fake body message 1353111006096
2012-11-16/16:10:06.097  INFO: Consumer - received message ActiveMQTextMessage {commandId = 7, responseRequired = false, messageId = ID:mbp-3209.local-50123-1353110995880-0:0:1:1:3, originalDestination = null, originalTransactionId = null, producerId = ID:mbp-3209.local-50123-1353110995880-0:0:1:1, destination = topic://topic_test_damiano, transactionId = null, expiration = 1353111007096, timestamp = 1353111006096, arrival = 0, brokerInTime = 1353111006096, brokerOutTime = 1353111006097, correlationId = null, replyTo = null, persistent = false, type = null, priority = 4, groupID = null, groupSequence = 0, targetConsumerId = null, compressed = false, userID = null, content = null, marshalledProperties = null, dataStructure = null, redeliveryCounter = 0, size = 0, properties = null, readOnlyProperties = true, readOnlyBody = true, droppable = false, text = This is a fake body message 1353111006096}
2012-11-16/16:10:06.097  INFO: Consumer - text: This is a fake body message 1353111006096
2012-11-16/16:10:11.098  INFO: Producer - Send message This is a fake body message 1353111011097
2012-11-16/16:10:11.098  INFO: Consumer - received message ActiveMQTextMessage {commandId = 8, responseRequired = false, messageId = ID:mbp-3209.local-50123-1353110995880-0:0:1:1:4, originalDestination = null, originalTransactionId = null, producerId = ID:mbp-3209.local-50123-1353110995880-0:0:1:1, destination = topic://topic_test_damiano, transactionId = null, expiration = 1353111012097, timestamp = 1353111011097, arrival = 0, brokerInTime = 1353111011098, brokerOutTime = 1353111011098, correlationId = null, replyTo = null, persistent = false, type = null, priority = 4, groupID = null, groupSequence = 0, targetConsumerId = null, compressed = false, userID = null, content = null, marshalledProperties = null, dataStructure = null, redeliveryCounter = 0, size = 0, properties = null, readOnlyProperties = true, readOnlyBody = true, droppable = false, text = This is a fake body message 1353111011097}
2012-11-16/16:10:11.099  INFO: Consumer - text: This is a fake body message 1353111011097
2012-11-16/16:10:16.099  INFO: Producer - Send message This is a fake body message 1353111016098
2012-11-16/16:10:16.100  INFO: Consumer - received message ActiveMQTextMessage {commandId = 9, responseRequired = false, messageId = ID:mbp-3209.local-50123-1353110995880-0:0:1:1:5, originalDestination = null, originalTransactionId = null, producerId = ID:mbp-3209.local-50123-1353110995880-0:0:1:1, destination = topic://topic_test_damiano, transactionId = null, expiration = 1353111017098, timestamp = 1353111016098, arrival = 0, brokerInTime = 1353111016099, brokerOutTime = 1353111016099, correlationId = null, replyTo = null, persistent = false, type = null, priority = 4, groupID = null, groupSequence = 0, targetConsumerId = null, compressed = false, userID = null, content = null, marshalledProperties = null, dataStructure = null, redeliveryCounter = 0, size = 0, properties = null, readOnlyProperties = true, readOnlyBody = true, droppable = false, text = This is a fake body message 1353111016098}
2012-11-16/16:10:16.100  INFO: Consumer - text: This is a fake body message 1353111016098
2012-11-16/16:10:21.100  INFO: Producer - Send message This is a fake body message 1353111021099
2012-11-16/16:10:21.101  INFO: Consumer - received message ActiveMQTextMessage {commandId = 10, responseRequired = false, messageId = ID:mbp-3209.local-50123-1353110995880-0:0:1:1:6, originalDestination = null, originalTransactionId = null, producerId = ID:mbp-3209.local-50123-1353110995880-0:0:1:1, destination = topic://topic_test_damiano, transactionId = null, expiration = 1353111022099, timestamp = 1353111021099, arrival = 0, brokerInTime = 1353111021100, brokerOutTime = 1353111021100, correlationId = null, replyTo = null, persistent = false, type = null, priority = 4, groupID = null, groupSequence = 0, targetConsumerId = null, compressed = false, userID = null, content = null, marshalledProperties = null, dataStructure = null, redeliveryCounter = 0, size = 0, properties = null, readOnlyProperties = true, readOnlyBody = true, droppable = false, text = This is a fake body message 1353111021099}
2012-11-16/16:10:21.101  INFO: Consumer - text: This is a fake body message 1353111021099
2012-11-16/16:10:26.101  INFO: Producer - Send message This is a fake body message 1353111026101
2012-11-16/16:10:26.102  INFO: Consumer - received message ActiveMQTextMessage {commandId = 11, responseRequired = false, messageId = ID:mbp-3209.local-50123-1353110995880-0:0:1:1:7, originalDestination = null, originalTransactionId = null, producerId = ID:mbp-3209.local-50123-1353110995880-0:0:1:1, destination = topic://topic_test_damiano, transactionId = null, expiration = 1353111027101, timestamp = 1353111026101, arrival = 0, brokerInTime = 1353111026102, brokerOutTime = 1353111026102, correlationId = null, replyTo = null, persistent = false, type = null, priority = 4, groupID = null, groupSequence = 0, targetConsumerId = null, compressed = false, userID = null, content = null, marshalledProperties = null, dataStructure = null, redeliveryCounter = 0, size = 0, properties = null, readOnlyProperties = true, readOnlyBody = true, droppable = false, text = This is a fake body message 1353111026101}
2012-11-16/16:10:26.103  INFO: Consumer - text: This is a fake body message 1353111026101
2012-11-16/16:10:31.102  INFO: Producer - Send message This is a fake body message 1353111031101
2012-11-16/16:10:31.103  INFO: Consumer - received message ActiveMQTextMessage {commandId = 12, responseRequired = false, messageId = ID:mbp-3209.local-50123-1353110995880-0:0:1:1:8, originalDestination = null, originalTransactionId = null, producerId = ID:mbp-3209.local-50123-1353110995880-0:0:1:1, destination = topic://topic_test_damiano, transactionId = null, expiration = 1353111032101, timestamp = 1353111031101, arrival = 0, brokerInTime = 1353111031102, brokerOutTime = 1353111031102, correlationId = null, replyTo = null, persistent = false, type = null, priority = 4, groupID = null, groupSequence = 0, targetConsumerId = null, compressed = false, userID = null, content = null, marshalledProperties = null, dataStructure = null, redeliveryCounter = 0, size = 0, properties = null, readOnlyProperties = true, readOnlyBody = true, droppable = false, text = This is a fake body message 1353111031101}
2012-11-16/16:10:31.103  INFO: Consumer - text: This is a fake body message 1353111031101
2012-11-16/16:10:36.103  INFO: Producer - Send message This is a fake body message 1353111036103
2012-11-16/16:10:36.104  INFO: Consumer - received message ActiveMQTextMessage {commandId = 13, responseRequired = false, messageId = ID:mbp-3209.local-50123-1353110995880-0:0:1:1:9, originalDestination = null, originalTransactionId = null, producerId = ID:mbp-3209.local-50123-1353110995880-0:0:1:1, destination = topic://topic_test_damiano, transactionId = null, expiration = 1353111037103, timestamp = 1353111036103, arrival = 0, brokerInTime = 1353111036104, brokerOutTime = 1353111036104, correlationId = null, replyTo = null, persistent = false, type = null, priority = 4, groupID = null, groupSequence = 0, targetConsumerId = null, compressed = false, userID = null, content = null, marshalledProperties = null, dataStructure = null, redeliveryCounter = 0, size = 0, properties = null, readOnlyProperties = true, readOnlyBody = true, droppable = false, text = This is a fake body message 1353111036103}
2012-11-16/16:10:36.105  INFO: Consumer - text: This is a fake body message 1353111036103
2012-11-16/16:10:41.105  INFO: Producer - Send message This is a fake body message 1353111041104
2012-11-16/16:10:41.106  INFO: Consumer - received message ActiveMQTextMessage {commandId = 14, responseRequired = false, messageId = ID:mbp-3209.local-50123-1353110995880-0:0:1:1:10, originalDestination = null, originalTransactionId = null, producerId = ID:mbp-3209.local-50123-1353110995880-0:0:1:1, destination = topic://topic_test_damiano, transactionId = null, expiration = 1353111042104, timestamp = 1353111041104, arrival = 0, brokerInTime = 1353111041105, brokerOutTime = 1353111041105, correlationId = null, replyTo = null, persistent = false, type = null, priority = 4, groupID = null, groupSequence = 0, targetConsumerId = null, compressed = false, userID = null, content = null, marshalledProperties = null, dataStructure = null, redeliveryCounter = 0, size = 0, properties = null, readOnlyProperties = true, readOnlyBody = true, droppable = false, text = This is a fake body message 1353111041104}
2012-11-16/16:10:41.106  INFO: Consumer - text: This is a fake body message 1353111041104
2012-11-16/16:10:46.106  INFO: Producer - Send message This is a fake body message 1353111046105
2012-11-16/16:10:46.107  INFO: Consumer - received message ActiveMQTextMessage {commandId = 15, responseRequired = false, messageId = ID:mbp-3209.local-50123-1353110995880-0:0:1:1:11, originalDestination = null, originalTransactionId = null, producerId = ID:mbp-3209.local-50123-1353110995880-0:0:1:1, destination = topic://topic_test_damiano, transactionId = null, expiration = 1353111047105, timestamp = 1353111046105, arrival = 0, brokerInTime = 1353111046106, brokerOutTime = 1353111046106, correlationId = null, replyTo = null, persistent = false, type = null, priority = 4, groupID = null, groupSequence = 0, targetConsumerId = null, compressed = false, userID = null, content = null, marshalledProperties = null, dataStructure = null, redeliveryCounter = 0, size = 0, properties = null, readOnlyProperties = true, readOnlyBody = true, droppable = false, text = This is a fake body message 1353111046105}
2012-11-16/16:10:46.107  INFO: Consumer - text: This is a fake body message 1353111046105
2012-11-16/16:10:51.106  INFO: Producer - Send message This is a fake body message 1353111051106
2012-11-16/16:11:35.541  INFO: failover.FailoverTransport - Successfully connected to tcp://localhost:61616
2012-11-16/16:11:35.590  INFO: Producer - Send message This is a fake body message 1353111095580
2012-11-16/16:11:39.433  INFO: Consumer - creating topic listener
2012-11-16/16:11:39.672  INFO: failover.FailoverTransport - Successfully connected to tcp://localhost:61616
2012-11-16/16:11:40.591  INFO: Producer - Send message This is a fake body message 1353111100590
2012-11-16/16:11:40.606  INFO: Consumer - received message ActiveMQTextMessage {commandId = 6, responseRequired = false, messageId = ID:mbp-3209.local-50143-1353111095375-0:0:1:1:2, originalDestination = null, originalTransactionId = null, producerId = ID:mbp-3209.local-50143-1353111095375-0:0:1:1, destination = topic://topic_test_damiano, transactionId = null, expiration = 1353111101590, timestamp = 1353111100590, arrival = 0, brokerInTime = 1353111100591, brokerOutTime = 1353111100593, correlationId = null, replyTo = null, persistent = false, type = null, priority = 4, groupID = null, groupSequence = 0, targetConsumerId = null, compressed = false, userID = null, content = null, marshalledProperties = null, dataStructure = null, redeliveryCounter = 0, size = 0, properties = null, readOnlyProperties = true, readOnlyBody = true, droppable = false, text = This is a fake body message 1353111100590}
2012-11-16/16:11:40.606  INFO: Consumer - text: This is a fake body message 1353111100590
2012-11-16/16:11:45.592  INFO: Producer - Send message This is a fake body message 1353111105591
2012-11-16/16:11:45.593  INFO: Consumer - received message ActiveMQTextMessage {commandId = 7, responseRequired = false, messageId = ID:mbp-3209.local-50143-1353111095375-0:0:1:1:3, originalDestination = null, originalTransactionId = null, producerId = ID:mbp-3209.local-50143-1353111095375-0:0:1:1, destination = topic://topic_test_damiano, transactionId = null, expiration = 1353111106591, timestamp = 1353111105591, arrival = 0, brokerInTime = 1353111105592, brokerOutTime = 1353111105592, correlationId = null, replyTo = null, persistent = false, type = null, priority = 4, groupID = null, groupSequence = 0, targetConsumerId = null, compressed = false, userID = null, content = null, marshalledProperties = null, dataStructure = null, redeliveryCounter = 0, size = 0, properties = null, readOnlyProperties = true, readOnlyBody = true, droppable = false, text = This is a fake body message 1353111105591}
2012-11-16/16:11:45.593  INFO: Consumer - text: This is a fake body message 1353111105591
2012-11-16/16:11:50.593  INFO: Producer - Send message This is a fake body message 1353111110592
2012-11-16/16:11:53.823  INFO: Consumer - creating topic listener
2012-11-16/16:11:54.064  INFO: failover.FailoverTransport - Successfully connected to tcp://localhost:61616
2012-11-16/16:11:55.593  INFO: Producer - Send message This is a fake body message 1353111115592
2012-11-16/16:11:55.609  INFO: Consumer - received message ActiveMQTextMessage {commandId = 9, responseRequired = false, messageId = ID:mbp-3209.local-50143-1353111095375-0:0:1:1:5, originalDestination = null, originalTransactionId = null, producerId = ID:mbp-3209.local-50143-1353111095375-0:0:1:1, destination = topic://topic_test_damiano, transactionId = null, expiration = 1353111116592, timestamp = 1353111115592, arrival = 0, brokerInTime = 1353111115593, brokerOutTime = 1353111115594, correlationId = null, replyTo = null, persistent = false, type = null, priority = 4, groupID = null, groupSequence = 0, targetConsumerId = null, compressed = false, userID = null, content = null, marshalledProperties = null, dataStructure = null, redeliveryCounter = 0, size = 0, properties = null, readOnlyProperties = true, readOnlyBody = true, droppable = false, text = This is a fake body message 1353111115592}
2012-11-16/16:11:55.609  INFO: Consumer - text: This is a fake body message 1353111115592
2012-11-16/16:12:00.595  INFO: Producer - Send message This is a fake body message 1353111120594
2012-11-16/16:12:00.596  INFO: Consumer - received message ActiveMQTextMessage {commandId = 10, responseRequired = false, messageId = ID:mbp-3209.local-50143-1353111095375-0:0:1:1:6, originalDestination = null, originalTransactionId = null, producerId = ID:mbp-3209.local-50143-1353111095375-0:0:1:1, destination = topic://topic_test_damiano, transactionId = null, expiration = 1353111121594, timestamp = 1353111120594, arrival = 0, brokerInTime = 1353111120595, brokerOutTime = 1353111120595, correlationId = null, replyTo = null, persistent = false, type = null, priority = 4, groupID = null, groupSequence = 0, targetConsumerId = null, compressed = false, userID = null, content = null, marshalledProperties = null, dataStructure = null, redeliveryCounter = 0, size = 0, properties = null, readOnlyProperties = true, readOnlyBody = true, droppable = false, text = This is a fake body message 1353111120594}
2012-11-16/16:12:00.596  INFO: Consumer - text: This is a fake body message 1353111120594
2012-11-16/16:12:05.596  INFO: Producer - Send message This is a fake body message 1353111125595
2012-11-16/16:12:10.596  INFO: Producer - Send message This is a fake body message 1353111130596
2012-11-16/16:12:15.597  INFO: Producer - Send message This is a fake body message 1353111135596
2012-11-16/16:12:20.598  INFO: Producer - Send message This is a fake body message 1353111140597
2012-11-16/16:12:23.705  INFO: Consumer - creating topic listener
2012-11-16/16:12:23.941  INFO: failover.FailoverTransport - Successfully connected to tcp://localhost:61616
2012-11-16/16:12:25.598  INFO: Producer - Send message This is a fake body message 1353111145598
2012-11-16/16:12:25.612  INFO: Consumer - received message ActiveMQTextMessage {commandId = 15, responseRequired = false, messageId = ID:mbp-3209.local-50143-1353111095375-0:0:1:1:11, originalDestination = null, originalTransactionId = null, producerId = ID:mbp-3209.local-50143-1353111095375-0:0:1:1, destination = topic://topic_test_damiano, transactionId = null, expiration = 1353111146598, timestamp = 1353111145598, arrival = 0, brokerInTime = 1353111145599, brokerOutTime = 1353111145599, correlationId = null, replyTo = null, persistent = false, type = null, priority = 4, groupID = null, groupSequence = 0, targetConsumerId = null, compressed = false, userID = null, content = null, marshalledProperties = null, dataStructure = null, redeliveryCounter = 0, size = 0, properties = null, readOnlyProperties = true, readOnlyBody = true, droppable = false, text = This is a fake body message 1353111145598}
2012-11-16/16:12:25.612  INFO: Consumer - text: This is a fake body message 1353111145598
2012-11-16/16:12:30.600  INFO: Producer - Send message This is a fake body message 1353111150599
2012-11-16/16:12:30.601  INFO: Consumer - received message ActiveMQTextMessage {commandId = 16, responseRequired = false, messageId = ID:mbp-3209.local-50143-1353111095375-0:0:1:1:12, originalDestination = null, originalTransactionId = null, producerId = ID:mbp-3209.local-50143-1353111095375-0:0:1:1, destination = topic://topic_test_damiano, transactionId = null, expiration = 1353111151599, timestamp = 1353111150599, arrival = 0, brokerInTime = 1353111150600, brokerOutTime = 1353111150600, correlationId = null, replyTo = null, persistent = false, type = null, priority = 4, groupID = null, groupSequence = 0, targetConsumerId = null, compressed = false, userID = null, content = null, marshalledProperties = null, dataStructure = null, redeliveryCounter = 0, size = 0, properties = null, readOnlyProperties = true, readOnlyBody = true, droppable = false, text = This is a fake body message 1353111150599}
2012-11-16/16:12:30.601  INFO: Consumer - text: This is a fake body message 1353111150599
2012-11-16/16:12:35.601  INFO: Producer - Send message This is a fake body message 1353111155600
2012-11-16/16:17:35.144  INFO: failover.FailoverTransport - Successfully connected to tcp://localhost:61616
2012-11-16/16:17:35.191  INFO: Producer - Send message This is a fake body message 1353111455181
2012-11-16/16:18:10.366  INFO: failover.FailoverTransport - Successfully connected to tcp://localhost:61616
2012-11-16/16:18:10.447  INFO: Producer - Send message This is a fake body message 1353111490436
2012-11-16/16:19:40.598  INFO: failover.FailoverTransport - Successfully connected to tcp://localhost:61616
2012-11-16/16:19:40.645  INFO: Producer - Send message This is a fake body message 1
2012-11-16/16:19:44.371  INFO: Consumer - creating topic listener
2012-11-16/16:19:44.609  INFO: failover.FailoverTransport - Successfully connected to tcp://localhost:61616
2012-11-16/16:19:45.645  INFO: Producer - Send message This is a fake body message 2
2012-11-16/16:19:45.661  INFO: Consumer - received message ActiveMQTextMessage {commandId = 6, responseRequired = false, messageId = ID:mbp-3209.local-50321-1353111580432-0:0:1:1:2, originalDestination = null, originalTransactionId = null, producerId = ID:mbp-3209.local-50321-1353111580432-0:0:1:1, destination = topic://topic_test_damiano, transactionId = null, expiration = 0, timestamp = 1353111585645, arrival = 0, brokerInTime = 1353111585646, brokerOutTime = 1353111585648, correlationId = null, replyTo = null, persistent = false, type = null, priority = 4, groupID = null, groupSequence = 0, targetConsumerId = null, compressed = false, userID = null, content = null, marshalledProperties = null, dataStructure = null, redeliveryCounter = 0, size = 0, properties = null, readOnlyProperties = true, readOnlyBody = true, droppable = false, text = This is a fake body message 2}
2012-11-16/16:19:45.661  INFO: Consumer - text: This is a fake body message 2
2012-11-16/16:19:50.646  INFO: Producer - Send message This is a fake body message 3
2012-11-16/16:19:50.647  INFO: Consumer - received message ActiveMQTextMessage {commandId = 7, responseRequired = false, messageId = ID:mbp-3209.local-50321-1353111580432-0:0:1:1:3, originalDestination = null, originalTransactionId = null, producerId = ID:mbp-3209.local-50321-1353111580432-0:0:1:1, destination = topic://topic_test_damiano, transactionId = null, expiration = 0, timestamp = 1353111590645, arrival = 0, brokerInTime = 1353111590646, brokerOutTime = 1353111590646, correlationId = null, replyTo = null, persistent = false, type = null, priority = 4, groupID = null, groupSequence = 0, targetConsumerId = null, compressed = false, userID = null, content = null, marshalledProperties = null, dataStructure = null, redeliveryCounter = 0, size = 0, properties = null, readOnlyProperties = true, readOnlyBody = true, droppable = false, text = This is a fake body message 3}
2012-11-16/16:19:50.647  INFO: Consumer - text: This is a fake body message 3
2012-11-16/16:19:55.647  INFO: Producer - Send message This is a fake body message 4
2012-11-16/16:19:55.648  INFO: Consumer - received message ActiveMQTextMessage {commandId = 8, responseRequired = false, messageId = ID:mbp-3209.local-50321-1353111580432-0:0:1:1:4, originalDestination = null, originalTransactionId = null, producerId = ID:mbp-3209.local-50321-1353111580432-0:0:1:1, destination = topic://topic_test_damiano, transactionId = null, expiration = 0, timestamp = 1353111595647, arrival = 0, brokerInTime = 1353111595647, brokerOutTime = 1353111595648, correlationId = null, replyTo = null, persistent = false, type = null, priority = 4, groupID = null, groupSequence = 0, targetConsumerId = null, compressed = false, userID = null, content = null, marshalledProperties = null, dataStructure = null, redeliveryCounter = 0, size = 0, properties = null, readOnlyProperties = true, readOnlyBody = true, droppable = false, text = This is a fake body message 4}
2012-11-16/16:19:55.648  INFO: Consumer - text: This is a fake body message 4
2012-11-16/16:20:00.648  INFO: Producer - Send message This is a fake body message 5
2012-11-16/16:20:00.650  INFO: Consumer - received message ActiveMQTextMessage {commandId = 9, responseRequired = false, messageId = ID:mbp-3209.local-50321-1353111580432-0:0:1:1:5, originalDestination = null, originalTransactionId = null, producerId = ID:mbp-3209.local-50321-1353111580432-0:0:1:1, destination = topic://topic_test_damiano, transactionId = null, expiration = 0, timestamp = 1353111600648, arrival = 0, brokerInTime = 1353111600649, brokerOutTime = 1353111600649, correlationId = null, replyTo = null, persistent = false, type = null, priority = 4, groupID = null, groupSequence = 0, targetConsumerId = null, compressed = false, userID = null, content = null, marshalledProperties = null, dataStructure = null, redeliveryCounter = 0, size = 0, properties = null, readOnlyProperties = true, readOnlyBody = true, droppable = false, text = This is a fake body message 5}
2012-11-16/16:20:00.653  INFO: Consumer - text: This is a fake body message 5
2012-11-16/16:20:05.650  INFO: Producer - Send message This is a fake body message 6
2012-11-16/16:20:09.315  INFO: Consumer - creating topic listener
2012-11-16/16:20:09.551  INFO: failover.FailoverTransport - Successfully connected to tcp://localhost:61616
2012-11-16/16:20:09.602  INFO: Consumer - received message ActiveMQTextMessage {commandId = 10, responseRequired = false, messageId = ID:mbp-3209.local-50321-1353111580432-0:0:1:1:6, originalDestination = null, originalTransactionId = null, producerId = ID:mbp-3209.local-50321-1353111580432-0:0:1:1, destination = topic://topic_test_damiano, transactionId = null, expiration = 0, timestamp = 1353111605649, arrival = 0, brokerInTime = 1353111605650, brokerOutTime = 1353111609588, correlationId = null, replyTo = null, persistent = false, type = null, priority = 4, groupID = null, groupSequence = 0, targetConsumerId = null, compressed = false, userID = null, content = null, marshalledProperties = null, dataStructure = null, redeliveryCounter = 0, size = 0, properties = null, readOnlyProperties = true, readOnlyBody = true, droppable = false, text = This is a fake body message 6}
2012-11-16/16:20:09.602  INFO: Consumer - text: This is a fake body message 6
2012-11-16/16:20:10.651  INFO: Producer - Send message This is a fake body message 7
2012-11-16/16:20:10.652  INFO: Consumer - received message ActiveMQTextMessage {commandId = 11, responseRequired = false, messageId = ID:mbp-3209.local-50321-1353111580432-0:0:1:1:7, originalDestination = null, originalTransactionId = null, producerId = ID:mbp-3209.local-50321-1353111580432-0:0:1:1, destination = topic://topic_test_damiano, transactionId = null, expiration = 0, timestamp = 1353111610650, arrival = 0, brokerInTime = 1353111610651, brokerOutTime = 1353111610651, correlationId = null, replyTo = null, persistent = false, type = null, priority = 4, groupID = null, groupSequence = 0, targetConsumerId = null, compressed = false, userID = null, content = null, marshalledProperties = null, dataStructure = null, redeliveryCounter = 0, size = 0, properties = null, readOnlyProperties = true, readOnlyBody = true, droppable = false, text = This is a fake body message 7}
2012-11-16/16:20:10.652  INFO: Consumer - text: This is a fake body message 7
2012-11-16/16:20:15.652  INFO: Producer - Send message This is a fake body message 8
2012-11-16/16:20:15.653  INFO: Consumer - received message ActiveMQTextMessage {commandId = 12, responseRequired = false, messageId = ID:mbp-3209.local-50321-1353111580432-0:0:1:1:8, originalDestination = null, originalTransactionId = null, producerId = ID:mbp-3209.local-50321-1353111580432-0:0:1:1, destination = topic://topic_test_damiano, transactionId = null, expiration = 0, timestamp = 1353111615651, arrival = 0, brokerInTime = 1353111615652, brokerOutTime = 1353111615652, correlationId = null, replyTo = null, persistent = false, type = null, priority = 4, groupID = null, groupSequence = 0, targetConsumerId = null, compressed = false, userID = null, content = null, marshalledProperties = null, dataStructure = null, redeliveryCounter = 0, size = 0, properties = null, readOnlyProperties = true, readOnlyBody = true, droppable = false, text = This is a fake body message 8}
2012-11-16/16:20:15.653  INFO: Consumer - text: This is a fake body message 8
2012-11-16/16:20:20.653  INFO: Producer - Send message This is a fake body message 9
2012-11-16/16:20:25.654  INFO: Producer - Send message This is a fake body message 10
2012-11-16/16:20:28.023  INFO: Consumer - creating topic listener
2012-11-16/16:20:28.261  INFO: failover.FailoverTransport - Successfully connected to tcp://localhost:61616
2012-11-16/16:20:28.313  INFO: Consumer - received message ActiveMQTextMessage {commandId = 13, responseRequired = false, messageId = ID:mbp-3209.local-50321-1353111580432-0:0:1:1:9, originalDestination = null, originalTransactionId = null, producerId = ID:mbp-3209.local-50321-1353111580432-0:0:1:1, destination = topic://topic_test_damiano, transactionId = null, expiration = 0, timestamp = 1353111620653, arrival = 0, brokerInTime = 1353111620653, brokerOutTime = 1353111628299, correlationId = null, replyTo = null, persistent = false, type = null, priority = 4, groupID = null, groupSequence = 0, targetConsumerId = null, compressed = false, userID = null, content = null, marshalledProperties = null, dataStructure = null, redeliveryCounter = 0, size = 0, properties = null, readOnlyProperties = true, readOnlyBody = true, droppable = false, text = This is a fake body message 9}
2012-11-16/16:20:28.313  INFO: Consumer - text: This is a fake body message 9
2012-11-16/16:20:28.314  INFO: Consumer - received message ActiveMQTextMessage {commandId = 14, responseRequired = false, messageId = ID:mbp-3209.local-50321-1353111580432-0:0:1:1:10, originalDestination = null, originalTransactionId = null, producerId = ID:mbp-3209.local-50321-1353111580432-0:0:1:1, destination = topic://topic_test_damiano, transactionId = null, expiration = 0, timestamp = 1353111625653, arrival = 0, brokerInTime = 1353111625654, brokerOutTime = 1353111628300, correlationId = null, replyTo = null, persistent = false, type = null, priority = 4, groupID = null, groupSequence = 0, targetConsumerId = null, compressed = false, userID = null, content = null, marshalledProperties = null, dataStructure = null, redeliveryCounter = 0, size = 0, properties = null, readOnlyProperties = true, readOnlyBody = true, droppable = false, text = This is a fake body message 10}
2012-11-16/16:20:28.314  INFO: Consumer - text: This is a fake body message 10
2012-11-16/16:20:30.654  INFO: Producer - Send message This is a fake body message 11
2012-11-16/16:20:30.655  INFO: Consumer - received message ActiveMQTextMessage {commandId = 15, responseRequired = false, messageId = ID:mbp-3209.local-50321-1353111580432-0:0:1:1:11, originalDestination = null, originalTransactionId = null, producerId = ID:mbp-3209.local-50321-1353111580432-0:0:1:1, destination = topic://topic_test_damiano, transactionId = null, expiration = 0, timestamp = 1353111630654, arrival = 0, brokerInTime = 1353111630655, brokerOutTime = 1353111630655, correlationId = null, replyTo = null, persistent = false, type = null, priority = 4, groupID = null, groupSequence = 0, targetConsumerId = null, compressed = false, userID = null, content = null, marshalledProperties = null, dataStructure = null, redeliveryCounter = 0, size = 0, properties = null, readOnlyProperties = true, readOnlyBody = true, droppable = false, text = This is a fake body message 11}
2012-11-16/16:20:30.656  INFO: Consumer - text: This is a fake body message 11
2012-11-16/16:20:35.655  INFO: Producer - Send message This is a fake body message 12
2012-11-16/16:20:40.656  INFO: Producer - Send message This is a fake body message 13
2012-11-16/16:20:45.658  INFO: Producer - Send message This is a fake body message 14
2012-11-16/16:20:50.658  INFO: Producer - Send message This is a fake body message 15
2012-11-16/16:20:52.886  INFO: Consumer - creating topic listener
2012-11-16/16:20:53.124  INFO: failover.FailoverTransport - Successfully connected to tcp://localhost:61616
2012-11-16/16:20:53.176  INFO: Consumer - received message ActiveMQTextMessage {commandId = 16, responseRequired = false, messageId = ID:mbp-3209.local-50321-1353111580432-0:0:1:1:12, originalDestination = null, originalTransactionId = null, producerId = ID:mbp-3209.local-50321-1353111580432-0:0:1:1, destination = topic://topic_test_damiano, transactionId = null, expiration = 0, timestamp = 1353111635655, arrival = 0, brokerInTime = 1353111635656, brokerOutTime = 1353111653162, correlationId = null, replyTo = null, persistent = false, type = null, priority = 4, groupID = null, groupSequence = 0, targetConsumerId = null, compressed = false, userID = null, content = null, marshalledProperties = null, dataStructure = null, redeliveryCounter = 1, size = 0, properties = null, readOnlyProperties = true, readOnlyBody = true, droppable = false, text = This is a fake body message 12}
2012-11-16/16:20:53.176  INFO: Consumer - text: This is a fake body message 12
2012-11-16/16:20:53.177  INFO: Consumer - received message ActiveMQTextMessage {commandId = 17, responseRequired = false, messageId = ID:mbp-3209.local-50321-1353111580432-0:0:1:1:13, originalDestination = null, originalTransactionId = null, producerId = ID:mbp-3209.local-50321-1353111580432-0:0:1:1, destination = topic://topic_test_damiano, transactionId = null, expiration = 0, timestamp = 1353111640656, arrival = 0, brokerInTime = 1353111640657, brokerOutTime = 1353111653163, correlationId = null, replyTo = null, persistent = false, type = null, priority = 4, groupID = null, groupSequence = 0, targetConsumerId = null, compressed = false, userID = null, content = null, marshalledProperties = null, dataStructure = null, redeliveryCounter = 0, size = 0, properties = null, readOnlyProperties = true, readOnlyBody = true, droppable = false, text = This is a fake body message 13}
2012-11-16/16:20:53.177  INFO: Consumer - text: This is a fake body message 13
2012-11-16/16:20:53.177  INFO: Consumer - received message ActiveMQTextMessage {commandId = 18, responseRequired = false, messageId = ID:mbp-3209.local-50321-1353111580432-0:0:1:1:14, originalDestination = null, originalTransactionId = null, producerId = ID:mbp-3209.local-50321-1353111580432-0:0:1:1, destination = topic://topic_test_damiano, transactionId = null, expiration = 0, timestamp = 1353111645657, arrival = 0, brokerInTime = 1353111645658, brokerOutTime = 1353111653163, correlationId = null, replyTo = null, persistent = false, type = null, priority = 4, groupID = null, groupSequence = 0, targetConsumerId = null, compressed = false, userID = null, content = null, marshalledProperties = null, dataStructure = null, redeliveryCounter = 0, size = 0, properties = null, readOnlyProperties = true, readOnlyBody = true, droppable = false, text = This is a fake body message 14}
2012-11-16/16:20:53.178  INFO: Consumer - text: This is a fake body message 14
2012-11-16/16:20:53.178  INFO: Consumer - received message ActiveMQTextMessage {commandId = 19, responseRequired = false, messageId = ID:mbp-3209.local-50321-1353111580432-0:0:1:1:15, originalDestination = null, originalTransactionId = null, producerId = ID:mbp-3209.local-50321-1353111580432-0:0:1:1, destination = topic://topic_test_damiano, transactionId = null, expiration = 0, timestamp = 1353111650657, arrival = 0, brokerInTime = 1353111650658, brokerOutTime = 1353111653163, correlationId = null, replyTo = null, persistent = false, type = null, priority = 4, groupID = null, groupSequence = 0, targetConsumerId = null, compressed = false, userID = null, content = null, marshalledProperties = null, dataStructure = null, redeliveryCounter = 0, size = 0, properties = null, readOnlyProperties = true, readOnlyBody = true, droppable = false, text = This is a fake body message 15}
2012-11-16/16:20:53.178  INFO: Consumer - text: This is a fake body message 15
2012-11-16/16:20:55.659  INFO: Producer - Send message This is a fake body message 16
2012-11-16/16:20:55.660  INFO: Consumer - received message ActiveMQTextMessage {commandId = 20, responseRequired = false, messageId = ID:mbp-3209.local-50321-1353111580432-0:0:1:1:16, originalDestination = null, originalTransactionId = null, producerId = ID:mbp-3209.local-50321-1353111580432-0:0:1:1, destination = topic://topic_test_damiano, transactionId = null, expiration = 0, timestamp = 1353111655658, arrival = 0, brokerInTime = 1353111655659, brokerOutTime = 1353111655659, correlationId = null, replyTo = null, persistent = false, type = null, priority = 4, groupID = null, groupSequence = 0, targetConsumerId = null, compressed = false, userID = null, content = null, marshalledProperties = null, dataStructure = null, redeliveryCounter = 0, size = 0, properties = null, readOnlyProperties = true, readOnlyBody = true, droppable = false, text = This is a fake body message 16}
2012-11-16/16:20:55.660  INFO: Consumer - text: This is a fake body message 16
2012-11-16/16:21:00.660  INFO: Producer - Send message This is a fake body message 17
2012-11-16/16:21:11.884  INFO: failover.FailoverTransport - Successfully connected to tcp://localhost:61616
2012-11-16/16:21:11.930  INFO: Producer - Send message This is a fake body message 1
2012-11-16/16:21:13.664  INFO: Consumer - creating topic listener
2012-11-16/16:21:13.903  INFO: failover.FailoverTransport - Successfully connected to tcp://localhost:61616
2012-11-16/16:21:13.958  INFO: Consumer - received message ActiveMQTextMessage {commandId = 21, responseRequired = false, messageId = ID:mbp-3209.local-50321-1353111580432-0:0:1:1:17, originalDestination = null, originalTransactionId = null, producerId = ID:mbp-3209.local-50321-1353111580432-0:0:1:1, destination = topic://topic_test_damiano, transactionId = null, expiration = 0, timestamp = 1353111660659, arrival = 0, brokerInTime = 1353111660660, brokerOutTime = 1353111673941, correlationId = null, replyTo = null, persistent = false, type = null, priority = 4, groupID = null, groupSequence = 0, targetConsumerId = null, compressed = false, userID = null, content = null, marshalledProperties = null, dataStructure = null, redeliveryCounter = 0, size = 0, properties = null, readOnlyProperties = true, readOnlyBody = true, droppable = false, text = This is a fake body message 17}
2012-11-16/16:21:13.958  INFO: Consumer - text: This is a fake body message 17
2012-11-16/16:21:16.932  INFO: Producer - Send message This is a fake body message 2
2012-11-16/16:21:16.933  INFO: Consumer - received message ActiveMQTextMessage {commandId = 6, responseRequired = false, messageId = ID:mbp-3209.local-50349-1353111671717-0:0:1:1:2, originalDestination = null, originalTransactionId = null, producerId = ID:mbp-3209.local-50349-1353111671717-0:0:1:1, destination = topic://topic_test_damiano, transactionId = null, expiration = 1353111678931, timestamp = 1353111676931, arrival = 0, brokerInTime = 1353111676932, brokerOutTime = 1353111676932, correlationId = null, replyTo = null, persistent = false, type = null, priority = 4, groupID = null, groupSequence = 0, targetConsumerId = null, compressed = false, userID = null, content = null, marshalledProperties = null, dataStructure = null, redeliveryCounter = 0, size = 0, properties = null, readOnlyProperties = true, readOnlyBody = true, droppable = false, text = This is a fake body message 2}
2012-11-16/16:21:16.933  INFO: Consumer - text: This is a fake body message 2
2012-11-16/16:21:21.933  INFO: Producer - Send message This is a fake body message 3
2012-11-16/16:21:21.934  INFO: Consumer - received message ActiveMQTextMessage {commandId = 7, responseRequired = false, messageId = ID:mbp-3209.local-50349-1353111671717-0:0:1:1:3, originalDestination = null, originalTransactionId = null, producerId = ID:mbp-3209.local-50349-1353111671717-0:0:1:1, destination = topic://topic_test_damiano, transactionId = null, expiration = 1353111683932, timestamp = 1353111681932, arrival = 0, brokerInTime = 1353111681933, brokerOutTime = 1353111681933, correlationId = null, replyTo = null, persistent = false, type = null, priority = 4, groupID = null, groupSequence = 0, targetConsumerId = null, compressed = false, userID = null, content = null, marshalledProperties = null, dataStructure = null, redeliveryCounter = 0, size = 0, properties = null, readOnlyProperties = true, readOnlyBody = true, droppable = false, text = This is a fake body message 3}
2012-11-16/16:21:21.935  INFO: Consumer - text: This is a fake body message 3
2012-11-16/16:21:26.934  INFO: Producer - Send message This is a fake body message 4
2012-11-16/16:21:26.935  INFO: Consumer - received message ActiveMQTextMessage {commandId = 8, responseRequired = false, messageId = ID:mbp-3209.local-50349-1353111671717-0:0:1:1:4, originalDestination = null, originalTransactionId = null, producerId = ID:mbp-3209.local-50349-1353111671717-0:0:1:1, destination = topic://topic_test_damiano, transactionId = null, expiration = 1353111688934, timestamp = 1353111686934, arrival = 0, brokerInTime = 1353111686934, brokerOutTime = 1353111686935, correlationId = null, replyTo = null, persistent = false, type = null, priority = 4, groupID = null, groupSequence = 0, targetConsumerId = null, compressed = false, userID = null, content = null, marshalledProperties = null, dataStructure = null, redeliveryCounter = 0, size = 0, properties = null, readOnlyProperties = true, readOnlyBody = true, droppable = false, text = This is a fake body message 4}
2012-11-16/16:21:26.936  INFO: Consumer - text: This is a fake body message 4
2012-11-16/16:21:31.936  INFO: Producer - Send message This is a fake body message 5
2012-11-16/16:21:36.937  INFO: Producer - Send message This is a fake body message 6
2012-11-16/16:21:41.938  INFO: Producer - Send message This is a fake body message 7
2012-11-16/16:21:43.044  INFO: Consumer - creating topic listener
2012-11-16/16:21:43.280  INFO: failover.FailoverTransport - Successfully connected to tcp://localhost:61616
2012-11-16/16:21:43.331  INFO: Consumer - received message ActiveMQTextMessage {commandId = 11, responseRequired = false, messageId = ID:mbp-3209.local-50349-1353111671717-0:0:1:1:7, originalDestination = null, originalTransactionId = null, producerId = ID:mbp-3209.local-50349-1353111671717-0:0:1:1, destination = topic://topic_test_damiano, transactionId = null, expiration = 1353111703937, timestamp = 1353111701937, arrival = 0, brokerInTime = 1353111701938, brokerOutTime = 1353111703317, correlationId = null, replyTo = null, persistent = false, type = null, priority = 4, groupID = null, groupSequence = 0, targetConsumerId = null, compressed = false, userID = null, content = null, marshalledProperties = null, dataStructure = null, redeliveryCounter = 0, size = 0, properties = null, readOnlyProperties = true, readOnlyBody = true, droppable = false, text = This is a fake body message 7}
2012-11-16/16:21:43.331  INFO: Consumer - text: This is a fake body message 7
2012-11-16/16:21:46.939  INFO: Producer - Send message This is a fake body message 8
2012-11-18/13:06:52.557  INFO: failover.FailoverTransport - Successfully connected to tcp://localhost:61616
2012-11-18/13:06:52.620  INFO: Producer - Send message This is a fake body message 1
2012-11-18/13:06:57.621  INFO: Producer - Send message This is a fake body message 2
2012-11-18/13:07:02.622  INFO: Producer - Send message This is a fake body message 3
2012-11-18/13:08:19.589  INFO: failover.FailoverTransport - Successfully connected to tcp://localhost:61616
2012-11-18/13:08:19.677  INFO: Producer - Send message This is a fake body message 1
2012-11-18/13:08:24.678  INFO: Producer - Send message This is a fake body message 2
2012-11-18/13:08:29.680  INFO: Producer - Send message This is a fake body message 3
2012-11-18/13:09:00.960  INFO: failover.FailoverTransport - Successfully connected to tcp://localhost:61616
2012-11-18/13:09:01.048  INFO: Producer - Send message This is a fake body message 1
2012-11-18/13:09:05.257  INFO: Consumer - creating topic listener
2012-11-18/13:09:05.506  INFO: failover.FailoverTransport - Successfully connected to tcp://localhost:61616
2012-11-18/13:09:06.059  INFO: Producer - Send message This is a fake body message 2
2012-11-18/13:09:06.073  INFO: Consumer - received message ActiveMQTextMessage {commandId = 6, responseRequired = true, messageId = ID:mbp-3209.local-52801-1353272940759-0:0:1:1:2, originalDestination = null, originalTransactionId = null, producerId = ID:mbp-3209.local-52801-1353272940759-0:0:1:1, destination = topic://topic_test_damiano, transactionId = null, expiration = 1353272948048, timestamp = 1353272946048, arrival = 0, brokerInTime = 1353272946049, brokerOutTime = 1353272946059, correlationId = null, replyTo = null, persistent = true, type = null, priority = 4, groupID = null, groupSequence = 0, targetConsumerId = null, compressed = false, userID = null, content = null, marshalledProperties = null, dataStructure = null, redeliveryCounter = 0, size = 0, properties = null, readOnlyProperties = true, readOnlyBody = true, droppable = false, text = This is a fake body message 2}
2012-11-18/13:09:06.074  INFO: Consumer - text: This is a fake body message 2
2012-11-18/13:09:11.064  INFO: Producer - Send message This is a fake body message 3
2012-11-18/13:09:11.065  INFO: Consumer - received message ActiveMQTextMessage {commandId = 7, responseRequired = true, messageId = ID:mbp-3209.local-52801-1353272940759-0:0:1:1:3, originalDestination = null, originalTransactionId = null, producerId = ID:mbp-3209.local-52801-1353272940759-0:0:1:1, destination = topic://topic_test_damiano, transactionId = null, expiration = 1353272953060, timestamp = 1353272951060, arrival = 0, brokerInTime = 1353272951061, brokerOutTime = 1353272951064, correlationId = null, replyTo = null, persistent = true, type = null, priority = 4, groupID = null, groupSequence = 0, targetConsumerId = null, compressed = false, userID = null, content = null, marshalledProperties = null, dataStructure = null, redeliveryCounter = 0, size = 0, properties = null, readOnlyProperties = true, readOnlyBody = true, droppable = false, text = This is a fake body message 3}
2012-11-18/13:09:11.065  INFO: Consumer - text: This is a fake body message 3
2012-11-18/13:09:16.068  INFO: Producer - Send message This is a fake body message 4
2012-11-18/13:09:21.071  INFO: Producer - Send message This is a fake body message 5
2012-11-18/13:10:10.152  INFO: Consumer - creating topic listener
2012-11-18/13:10:10.431  INFO: failover.FailoverTransport - Successfully connected to tcp://localhost:61616
2012-11-18/13:10:39.268  INFO: failover.FailoverTransport - Successfully connected to tcp://localhost:61616
2012-11-18/13:10:39.325  INFO: Producer - Send message This is a fake body message 1
2012-11-18/13:10:44.329  INFO: Producer - Send message This is a fake body message 2
2012-11-18/13:10:49.332  INFO: Producer - Send message This is a fake body message 3
2012-11-18/13:10:54.336  INFO: Producer - Send message This is a fake body message 4
2012-11-18/13:11:42.068  INFO: failover.FailoverTransport - Successfully connected to tcp://localhost:61616
2012-11-18/13:11:42.117  INFO: Producer - Send message This is a fake body message 1
2012-11-18/13:11:47.119  INFO: Producer - Send message This is a fake body message 2
2012-11-18/13:11:50.865  INFO: Consumer - creating topic listener
2012-11-18/13:11:51.104  INFO: failover.FailoverTransport - Successfully connected to tcp://localhost:61616
2012-11-18/13:11:52.125  INFO: Producer - Send message This is a fake body message 3
2012-11-18/13:11:52.138  INFO: Consumer - received message ActiveMQTextMessage {commandId = 7, responseRequired = true, messageId = ID:mbp-3209.local-52886-1353273101903-0:0:1:1:3, originalDestination = null, originalTransactionId = null, producerId = ID:mbp-3209.local-52886-1353273101903-0:0:1:1, destination = topic://topic_test_damiano, transactionId = null, expiration = 1353273114119, timestamp = 1353273112119, arrival = 0, brokerInTime = 1353273112121, brokerOutTime = 1353273112125, correlationId = null, replyTo = null, persistent = true, type = null, priority = 4, groupID = null, groupSequence = 0, targetConsumerId = null, compressed = false, userID = null, content = null, marshalledProperties = null, dataStructure = null, redeliveryCounter = 0, size = 0, properties = null, readOnlyProperties = true, readOnlyBody = true, droppable = false, text = This is a fake body message 3}
2012-11-18/13:11:52.138  INFO: Consumer - text: This is a fake body message 3
2012-11-18/13:11:57.129  INFO: Producer - Send message This is a fake body message 4
2012-11-18/13:11:57.129  INFO: Consumer - received message ActiveMQTextMessage {commandId = 8, responseRequired = true, messageId = ID:mbp-3209.local-52886-1353273101903-0:0:1:1:4, originalDestination = null, originalTransactionId = null, producerId = ID:mbp-3209.local-52886-1353273101903-0:0:1:1, destination = topic://topic_test_damiano, transactionId = null, expiration = 1353273119126, timestamp = 1353273117126, arrival = 0, brokerInTime = 1353273117126, brokerOutTime = 1353273117129, correlationId = null, replyTo = null, persistent = true, type = null, priority = 4, groupID = null, groupSequence = 0, targetConsumerId = null, compressed = false, userID = null, content = null, marshalledProperties = null, dataStructure = null, redeliveryCounter = 0, size = 0, properties = null, readOnlyProperties = true, readOnlyBody = true, droppable = false, text = This is a fake body message 4}
2012-11-18/13:11:57.129  INFO: Consumer - text: This is a fake body message 4
2012-11-18/13:12:02.132  INFO: Producer - Send message This is a fake body message 5
2012-11-18/13:12:07.135  INFO: Producer - Send message This is a fake body message 6
2012-11-18/13:12:45.239  INFO: Consumer - creating topic listener
2012-11-18/13:12:45.509  INFO: failover.FailoverTransport - Successfully connected to tcp://localhost:61616
2012-11-18/13:13:01.226  INFO: failover.FailoverTransport - Successfully connected to tcp://localhost:61616
2012-11-18/13:13:01.282  INFO: Producer - Send message This is a fake body message 1
2012-11-18/13:13:01.303  INFO: Consumer - received message ActiveMQTextMessage {commandId = 5, responseRequired = true, messageId = ID:mbp-3209.local-52927-1353273181061-0:0:1:1:1, originalDestination = null, originalTransactionId = null, producerId = ID:mbp-3209.local-52927-1353273181061-0:0:1:1, destination = topic://topic_test_damiano, transactionId = null, expiration = 1353273183271, timestamp = 1353273181271, arrival = 0, brokerInTime = 1353273181275, brokerOutTime = 1353273181282, correlationId = null, replyTo = null, persistent = true, type = null, priority = 4, groupID = null, groupSequence = 0, targetConsumerId = null, compressed = false, userID = null, content = null, marshalledProperties = null, dataStructure = null, redeliveryCounter = 0, size = 0, properties = null, readOnlyProperties = true, readOnlyBody = true, droppable = false, text = This is a fake body message 1}
2012-11-18/13:13:01.306  INFO: Consumer - text: This is a fake body message 1
2012-11-18/13:13:06.286  INFO: Producer - Send message This is a fake body message 2
2012-11-18/13:13:06.286  INFO: Consumer - received message ActiveMQTextMessage {commandId = 6, responseRequired = true, messageId = ID:mbp-3209.local-52927-1353273181061-0:0:1:1:2, originalDestination = null, originalTransactionId = null, producerId = ID:mbp-3209.local-52927-1353273181061-0:0:1:1, destination = topic://topic_test_damiano, transactionId = null, expiration = 1353273188283, timestamp = 1353273186283, arrival = 0, brokerInTime = 1353273186284, brokerOutTime = 1353273186286, correlationId = null, replyTo = null, persistent = true, type = null, priority = 4, groupID = null, groupSequence = 0, targetConsumerId = null, compressed = false, userID = null, content = null, marshalledProperties = null, dataStructure = null, redeliveryCounter = 0, size = 0, properties = null, readOnlyProperties = true, readOnlyBody = true, droppable = false, text = This is a fake body message 2}
2012-11-18/13:13:06.287  INFO: Consumer - text: This is a fake body message 2
2012-11-18/13:16:27.897  INFO: failover.FailoverTransport - Successfully connected to tcp://localhost:61616
2012-11-18/13:16:27.948  INFO: Producer - Send message This is a fake body message 1
2012-11-18/13:16:31.759  INFO: Consumer - creating topic listener
2012-11-18/13:16:32.002  INFO: failover.FailoverTransport - Successfully connected to tcp://localhost:61616
2012-11-18/13:16:32.952  INFO: Producer - Send message This is a fake body message 2
2012-11-18/13:16:32.965  INFO: Consumer - received message ActiveMQTextMessage {commandId = 6, responseRequired = true, messageId = ID:mbp-3209.local-53046-1353273387732-0:0:1:1:2, originalDestination = null, originalTransactionId = null, producerId = ID:mbp-3209.local-53046-1353273387732-0:0:1:1, destination = topic://topic_test_damiano, transactionId = null, expiration = 0, timestamp = 1353273392947, arrival = 0, brokerInTime = 1353273392948, brokerOutTime = 1353273392952, correlationId = null, replyTo = null, persistent = true, type = null, priority = 4, groupID = null, groupSequence = 0, targetConsumerId = null, compressed = false, userID = null, content = null, marshalledProperties = null, dataStructure = null, redeliveryCounter = 0, size = 0, properties = null, readOnlyProperties = true, readOnlyBody = true, droppable = false, text = This is a fake body message 2}
2012-11-18/13:16:32.965  INFO: Consumer - text: This is a fake body message 2
2012-11-18/13:16:37.956  INFO: Producer - Send message This is a fake body message 3
2012-11-18/13:16:42.959  INFO: Producer - Send message This is a fake body message 4
2012-11-18/13:16:47.964  INFO: Producer - Send message This is a fake body message 5
2012-11-18/13:16:52.008  WARN: failover.FailoverTransport - Transport failed to tcp://localhost:61616 , attempting to automatically reconnect due to: java.io.EOFException
2012-11-18/13:16:57.180  INFO: failover.FailoverTransport - Successfully reconnected to tcp://localhost:61616
2012-11-18/13:16:57.230  INFO: Producer - Send message This is a fake body message 6
2012-11-18/13:17:02.233  INFO: Producer - Send message This is a fake body message 7
2012-11-18/13:17:33.536  INFO: Consumer - creating topic listener
2012-11-18/13:17:33.776  INFO: failover.FailoverTransport - Successfully connected to tcp://localhost:61616
2012-11-18/13:17:33.835  INFO: Consumer - received message ActiveMQTextMessage {commandId = 7, responseRequired = true, messageId = ID:mbp-3209.local-53046-1353273387732-0:0:1:1:3, originalDestination = null, originalTransactionId = null, producerId = ID:mbp-3209.local-53046-1353273387732-0:0:1:1, destination = topic://topic_test_damiano, transactionId = null, expiration = 0, timestamp = 1353273397953, arrival = 0, brokerInTime = 1353273397954, brokerOutTime = 1353273453820, correlationId = null, replyTo = null, persistent = true, type = null, priority = 4, groupID = null, groupSequence = 0, targetConsumerId = null, compressed = false, userID = null, content = null, marshalledProperties = null, dataStructure = null, redeliveryCounter = 0, size = 0, properties = null, readOnlyProperties = true, readOnlyBody = true, droppable = false, text = This is a fake body message 3}
2012-11-18/13:17:33.836  INFO: Consumer - text: This is a fake body message 3
2012-11-18/13:17:33.837  INFO: Consumer - received message ActiveMQTextMessage {commandId = 8, responseRequired = true, messageId = ID:mbp-3209.local-53046-1353273387732-0:0:1:1:4, originalDestination = null, originalTransactionId = null, producerId = ID:mbp-3209.local-53046-1353273387732-0:0:1:1, destination = topic://topic_test_damiano, transactionId = null, expiration = 0, timestamp = 1353273402957, arrival = 0, brokerInTime = 1353273402957, brokerOutTime = 1353273453821, correlationId = null, replyTo = null, persistent = true, type = null, priority = 4, groupID = null, groupSequence = 0, targetConsumerId = null, compressed = false, userID = null, content = null, marshalledProperties = null, dataStructure = null, redeliveryCounter = 0, size = 0, properties = null, readOnlyProperties = true, readOnlyBody = true, droppable = false, text = This is a fake body message 4}
2012-11-18/13:17:33.837  INFO: Consumer - text: This is a fake body message 4
2012-11-18/13:17:33.837  INFO: Consumer - received message ActiveMQTextMessage {commandId = 9, responseRequired = true, messageId = ID:mbp-3209.local-53046-1353273387732-0:0:1:1:5, originalDestination = null, originalTransactionId = null, producerId = ID:mbp-3209.local-53046-1353273387732-0:0:1:1, destination = topic://topic_test_damiano, transactionId = null, expiration = 0, timestamp = 1353273407960, arrival = 0, brokerInTime = 1353273407961, brokerOutTime = 1353273453821, correlationId = null, replyTo = null, persistent = true, type = null, priority = 4, groupID = null, groupSequence = 0, targetConsumerId = null, compressed = false, userID = null, content = null, marshalledProperties = null, dataStructure = null, redeliveryCounter = 0, size = 0, properties = null, readOnlyProperties = true, readOnlyBody = true, droppable = false, text = This is a fake body message 5}
2012-11-18/13:17:33.837  INFO: Consumer - text: This is a fake body message 5
2012-11-18/13:17:33.838  INFO: Consumer - received message ActiveMQTextMessage {commandId = 10, responseRequired = true, messageId = ID:mbp-3209.local-53046-1353273387732-0:0:1:1:6, originalDestination = null, originalTransactionId = null, producerId = ID:mbp-3209.local-53046-1353273387732-0:0:1:1, destination = topic://topic_test_damiano, transactionId = null, expiration = 0, timestamp = 1353273412965, arrival = 0, brokerInTime = 1353273417222, brokerOutTime = 1353273453821, correlationId = null, replyTo = null, persistent = true, type = null, priority = 4, groupID = null, groupSequence = 0, targetConsumerId = null, compressed = false, userID = null, content = null, marshalledProperties = null, dataStructure = null, redeliveryCounter = 0, size = 0, properties = null, readOnlyProperties = true, readOnlyBody = true, droppable = false, text = This is a fake body message 6}
2012-11-18/13:17:33.838  INFO: Consumer - text: This is a fake body message 6
2012-11-18/13:17:33.838  INFO: Consumer - received message ActiveMQTextMessage {commandId = 11, responseRequired = true, messageId = ID:mbp-3209.local-53046-1353273387732-0:0:1:1:7, originalDestination = null, originalTransactionId = null, producerId = ID:mbp-3209.local-53046-1353273387732-0:0:1:1, destination = topic://topic_test_damiano, transactionId = null, expiration = 0, timestamp = 1353273422230, arrival = 0, brokerInTime = 1353273422230, brokerOutTime = 1353273453821, correlationId = null, replyTo = null, persistent = true, type = null, priority = 4, groupID = null, groupSequence = 0, targetConsumerId = null, compressed = false, userID = null, content = null, marshalledProperties = null, dataStructure = null, redeliveryCounter = 0, size = 0, properties = null, readOnlyProperties = true, readOnlyBody = true, droppable = false, text = This is a fake body message 7}
2012-11-18/13:17:33.839  INFO: Consumer - text: This is a fake body message 7
